<?xml version='1.0'?>
<ns2:test-suite xmlns:ns2='urn:model.allure.qatools.yandex.ru' start='1586635662612' stop='1586635721845'>
    <name>Testing signup</name>
    <title>Testing signup</title>
    <test-cases>
        <test-case start='1586635664181' status='passed' stop='1586635666217'>
            <name>signup button disabled</name>
            <title>signup button disabled</title>
            <labels/>
            <parameters/>
            <steps/>
            <attachments/>
        </test-case>
        <test-case start='1586635666217' status='passed' stop='1586635668841'>
            <name>Testing tab key</name>
            <title>Testing tab key</title>
            <labels/>
            <parameters/>
            <steps/>
            <attachments/>
        </test-case>
        <test-case start='1586635668841' status='passed' stop='1586635669825'>
            <name>invalid email format</name>
            <title>invalid email format</title>
            <labels/>
            <parameters/>
            <steps/>
            <attachments/>
        </test-case>
        <test-case start='1586635669825' status='passed' stop='1586635672825'>
            <name>email already exists</name>
            <title>email already exists</title>
            <labels/>
            <parameters/>
            <steps/>
            <attachments/>
        </test-case>
        <test-case start='1586635672826' status='passed' stop='1586635675208'>
            <name>no email</name>
            <title>no email</title>
            <labels/>
            <parameters/>
            <steps/>
            <attachments/>
        </test-case>
        <test-case start='1586635675208' status='passed' stop='1586635676158'>
            <name>invalid email confirmation format</name>
            <title>invalid email confirmation format</title>
            <labels/>
            <parameters/>
            <steps/>
            <attachments/>
        </test-case>
        <test-case start='1586635676158' status='passed' stop='1586635678848'>
            <name>no email confirmation</name>
            <title>no email confirmation</title>
            <labels/>
            <parameters/>
            <steps/>
            <attachments/>
        </test-case>
        <test-case start='1586635678848' status='passed' stop='1586635680020'>
            <name>email and email confirmation do not match</name>
            <title>email and email confirmation do not match</title>
            <labels/>
            <parameters/>
            <steps/>
            <attachments/>
        </test-case>
        <test-case start='1586635680020' status='passed' stop='1586635680925'>
            <name>password too short</name>
            <title>password too short</title>
            <labels/>
            <parameters/>
            <steps/>
            <attachments/>
        </test-case>
        <test-case start='1586635680925' status='passed' stop='1586635682076'>
            <name>no password</name>
            <title>no password</title>
            <labels/>
            <parameters/>
            <steps/>
            <attachments/>
        </test-case>
        <test-case start='1586635682076' status='failed' stop='1586635685113'>
            <name>nickname limit</name>
            <title>nickname limit</title>
            <labels/>
            <parameters/>
            <steps/>
            <attachments/>
            <failure>
                <message>Expected 'aaaaaaaaaaaaaaa' to equal 'aaaaaaaaaaaaaaaaaaaaaaaaaaaaaa'.</message>
                <stack-trace>Error: Failed expectation
                    at UserContext.&lt;anonymous> (C:\Users\Pavilion\Documents\VScode\Testing\Amira\Protractor\protractortests\specs\testsSignup.ts:104:65)
                    at step (C:\Users\Pavilion\Documents\VScode\Testing\Amira\Protractor\protractortests\jsfiles\specs\testsSignup.js:33:23)
                    at Object.next (C:\Users\Pavilion\Documents\VScode\Testing\Amira\Protractor\protractortests\jsfiles\specs\testsSignup.js:14:53)
                    at fulfilled (C:\Users\Pavilion\Documents\VScode\Testing\Amira\Protractor\protractortests\jsfiles\specs\testsSignup.js:5:58)
                    at processTicksAndRejections (internal/process/task_queues.js:97:5)</stack-trace>
            </failure>
        </test-case>
        <test-case start='1586635685113' status='passed' stop='1586635685925'>
            <name>invalid birthDay</name>
            <title>invalid birthDay</title>
            <labels/>
            <parameters/>
            <steps/>
            <attachments/>
        </test-case>
        <test-case start='1586635685925' status='passed' stop='1586635686988'>
            <name>invalid birthYear &lt; 1900</name>
            <title>invalid birthYear &lt; 1900</title>
            <labels/>
            <parameters/>
            <steps/>
            <attachments/>
        </test-case>
        <test-case start='1586635686988' status='failed' stop='1586635697804'>
            <name>invalid birthYear >= 2000</name>
            <title>invalid birthYear >= 2000</title>
            <labels/>
            <parameters/>
            <steps/>
            <attachments/>
            <failure>
                <message>Failed: No element found using locator: By(css selector, *[id="mat-error-3"])</message>
                <stack-trace>NoSuchElementError: No element found using locator: By(css selector, *[id="mat-error-3"])
                    at C:\Users\Pavilion\AppData\Roaming\npm\node_modules\protractor\built\element.js:814:27
                    at ManagedPromise.invokeCallback_ (C:\Users\Pavilion\AppData\Roaming\npm\node_modules\protractor\node_modules\selenium-webdriver\lib\promise.js:1376:14)
                    at TaskQueue.execute_ (C:\Users\Pavilion\AppData\Roaming\npm\node_modules\protractor\node_modules\selenium-webdriver\lib\promise.js:3084:14)
                    at TaskQueue.executeNext_ (C:\Users\Pavilion\AppData\Roaming\npm\node_modules\protractor\node_modules\selenium-webdriver\lib\promise.js:3067:27)
                    at C:\Users\Pavilion\AppData\Roaming\npm\node_modules\protractor\node_modules\selenium-webdriver\lib\promise.js:2927:27
                    at C:\Users\Pavilion\AppData\Roaming\npm\node_modules\protractor\node_modules\selenium-webdriver\lib\promise.js:668:7
                    at processTicksAndRejections (internal/process/task_queues.js:97:5)Error
                    at ElementArrayFinder.applyAction_ (C:\Users\Pavilion\AppData\Roaming\npm\node_modules\protractor\built\element.js:459:27)
                    at ElementArrayFinder.&lt;computed> [as getText] (C:\Users\Pavilion\AppData\Roaming\npm\node_modules\protractor\built\element.js:91:29)
                    at ElementFinder.&lt;computed> [as getText] (C:\Users\Pavilion\AppData\Roaming\npm\node_modules\protractor\built\element.js:831:22)
                    at UserContext.&lt;anonymous> (C:\Users\Pavilion\Documents\VScode\Testing\Amira\Protractor\protractortests\specs\testsSignup.ts:133:47)
                    at step (C:\Users\Pavilion\Documents\VScode\Testing\Amira\Protractor\protractortests\jsfiles\specs\testsSignup.js:33:23)
                    at Object.next (C:\Users\Pavilion\Documents\VScode\Testing\Amira\Protractor\protractortests\jsfiles\specs\testsSignup.js:14:53)
                    at C:\Users\Pavilion\Documents\VScode\Testing\Amira\Protractor\protractortests\jsfiles\specs\testsSignup.js:8:71
                    at new Promise (&lt;anonymous>)
                    at __awaiter (C:\Users\Pavilion\Documents\VScode\Testing\Amira\Protractor\protractortests\jsfiles\specs\testsSignup.js:4:12)
                    at UserContext.&lt;anonymous> (C:\Users\Pavilion\Documents\VScode\Testing\Amira\Protractor\protractortests\jsfiles\specs\testsSignup.js:290:16)
                From: Task: Run it("invalid birthYear >= 2000") in control flow
                    at UserContext.&lt;anonymous> (C:\Users\Pavilion\AppData\Roaming\npm\node_modules\protractor\node_modules\jasminewd2\index.js:94:19)
                    at attempt (C:\Users\Pavilion\AppData\Roaming\npm\node_modules\protractor\node_modules\jasmine-core\lib\jasmine-core\jasmine.js:4297:26)
                    at QueueRunner.run (C:\Users\Pavilion\AppData\Roaming\npm\node_modules\protractor\node_modules\jasmine-core\lib\jasmine-core\jasmine.js:4217:20)
                    at QueueRunner.execute (C:\Users\Pavilion\AppData\Roaming\npm\node_modules\protractor\node_modules\jasmine-core\lib\jasmine-core\jasmine.js:4199:10)
                    at Spec.queueRunnerFactory (C:\Users\Pavilion\AppData\Roaming\npm\node_modules\protractor\node_modules\jasmine-core\lib\jasmine-core\jasmine.js:909:35)
                    at Spec.execute (C:\Users\Pavilion\AppData\Roaming\npm\node_modules\protractor\node_modules\jasmine-core\lib\jasmine-core\jasmine.js:526:10)
                    at UserContext.fn (C:\Users\Pavilion\AppData\Roaming\npm\node_modules\protractor\node_modules\jasmine-core\lib\jasmine-core\jasmine.js:5340:37)
                    at attempt (C:\Users\Pavilion\AppData\Roaming\npm\node_modules\protractor\node_modules\jasmine-core\lib\jasmine-core\jasmine.js:4297:26)
                    at QueueRunner.run (C:\Users\Pavilion\AppData\Roaming\npm\node_modules\protractor\node_modules\jasmine-core\lib\jasmine-core\jasmine.js:4217:20)
                    at runNext (C:\Users\Pavilion\AppData\Roaming\npm\node_modules\protractor\node_modules\jasmine-core\lib\jasmine-core\jasmine.js:4257:20)
                From asynchronous test: 
                Error
                    at Suite.&lt;anonymous> (C:\Users\Pavilion\Documents\VScode\Testing\Amira\Protractor\protractortests\specs\testsSignup.ts:129:5)
                    at addSpecsToSuite (C:\Users\Pavilion\AppData\Roaming\npm\node_modules\protractor\node_modules\jasmine-core\lib\jasmine-core\jasmine.js:1107:25)
                    at Env.describe (C:\Users\Pavilion\AppData\Roaming\npm\node_modules\protractor\node_modules\jasmine-core\lib\jasmine-core\jasmine.js:1074:7)
                    at describe (C:\Users\Pavilion\AppData\Roaming\npm\node_modules\protractor\node_modules\jasmine-core\lib\jasmine-core\jasmine.js:4399:18)
                    at Object.&lt;anonymous> (C:\Users\Pavilion\Documents\VScode\Testing\Amira\Protractor\protractortests\specs\testsSignup.ts:8:1)
                    at Module._compile (internal/modules/cjs/loader.js:1158:30)
                    at Object.Module._extensions..js (internal/modules/cjs/loader.js:1178:10)
                    at Module.load (internal/modules/cjs/loader.js:1002:32)
                    at Function.Module._load (internal/modules/cjs/loader.js:901:14)</stack-trace>
            </failure>
        </test-case>
        <test-case start='1586635697804' status='failed' stop='1586635698826'>
            <name>male gender selected</name>
            <title>male gender selected</title>
            <labels/>
            <parameters/>
            <steps/>
            <attachments/>
            <failure>
                <message>Expected false to be true.</message>
                <stack-trace>Error: Failed expectation
                    at UserContext.&lt;anonymous> (C:\Users\Pavilion\Documents\VScode\Testing\Amira\Protractor\protractortests\specs\testsSignup.ts:140:57)
                    at step (C:\Users\Pavilion\Documents\VScode\Testing\Amira\Protractor\protractortests\jsfiles\specs\testsSignup.js:33:23)
                    at Object.next (C:\Users\Pavilion\Documents\VScode\Testing\Amira\Protractor\protractortests\jsfiles\specs\testsSignup.js:14:53)
                    at fulfilled (C:\Users\Pavilion\Documents\VScode\Testing\Amira\Protractor\protractortests\jsfiles\specs\testsSignup.js:5:58)
                    at processTicksAndRejections (internal/process/task_queues.js:97:5)</stack-trace>
            </failure>
        </test-case>
        <test-case start='1586635698826' status='failed' stop='1586635699522'>
            <name>female gender selected</name>
            <title>female gender selected</title>
            <labels/>
            <parameters/>
            <steps/>
            <attachments/>
            <failure>
                <message>Expected false to be true.</message>
                <stack-trace>Error: Failed expectation
                    at UserContext.&lt;anonymous> (C:\Users\Pavilion\Documents\VScode\Testing\Amira\Protractor\protractortests\specs\testsSignup.ts:146:59)
                    at step (C:\Users\Pavilion\Documents\VScode\Testing\Amira\Protractor\protractortests\jsfiles\specs\testsSignup.js:33:23)
                    at Object.next (C:\Users\Pavilion\Documents\VScode\Testing\Amira\Protractor\protractortests\jsfiles\specs\testsSignup.js:14:53)
                    at fulfilled (C:\Users\Pavilion\Documents\VScode\Testing\Amira\Protractor\protractortests\jsfiles\specs\testsSignup.js:5:58)
                    at processTicksAndRejections (internal/process/task_queues.js:97:5)</stack-trace>
            </failure>
        </test-case>
        <test-case start='1586635699522' status='failed' stop='1586635700235'>
            <name>share registration selected</name>
            <title>share registration selected</title>
            <labels/>
            <parameters/>
            <steps/>
            <attachments/>
            <failure>
                <message>Expected false to be true.</message>
                <stack-trace>Error: Failed expectation
                    at UserContext.&lt;anonymous> (C:\Users\Pavilion\Documents\VScode\Testing\Amira\Protractor\protractortests\specs\testsSignup.ts:152:64)
                    at step (C:\Users\Pavilion\Documents\VScode\Testing\Amira\Protractor\protractortests\jsfiles\specs\testsSignup.js:33:23)
                    at Object.next (C:\Users\Pavilion\Documents\VScode\Testing\Amira\Protractor\protractortests\jsfiles\specs\testsSignup.js:14:53)
                    at fulfilled (C:\Users\Pavilion\Documents\VScode\Testing\Amira\Protractor\protractortests\jsfiles\specs\testsSignup.js:5:58)
                    at processTicksAndRejections (internal/process/task_queues.js:97:5)</stack-trace>
            </failure>
        </test-case>
        <test-case start='1586635700235' status='passed' stop='1586635704984'>
            <name>valid signup</name>
            <title>valid signup</title>
            <labels/>
            <parameters/>
            <steps/>
            <attachments/>
        </test-case>
        <test-case start='1586635704984' status='passed' stop='1586635707762'>
            <name>go to login</name>
            <title>go to login</title>
            <labels/>
            <parameters/>
            <steps/>
            <attachments/>
        </test-case>
        <test-case start='1586635707762' status='passed' stop='1586635721845'>
            <name>terms &amp; conditions and privacy policy</name>
            <title>terms &amp; conditions and privacy policy</title>
            <labels/>
            <parameters/>
            <steps/>
            <attachments/>
        </test-case>
    </test-cases>
</ns2:test-suite>