<?xml version='1.0'?>
<ns2:test-suite xmlns:ns2='urn:model.allure.qatools.yandex.ru' start='1586635721854' stop='1586635774577'>
    <name>Testing forgot password</name>
    <title>Testing forgot password</title>
    <test-cases>
        <test-case start='1586635722722' status='passed' stop='1586635722833'>
            <name>send btn disabled untinl</name>
            <title>send btn disabled untinl</title>
            <labels/>
            <parameters/>
            <steps/>
            <attachments/>
        </test-case>
        <test-case start='1586635722833' status='passed' stop='1586635725020'>
            <name>no username</name>
            <title>no username</title>
            <labels/>
            <parameters/>
            <steps/>
            <attachments/>
        </test-case>
        <test-case start='1586635725020' status='passed' stop='1586635725685'>
            <name>invalid email</name>
            <title>invalid email</title>
            <labels/>
            <parameters/>
            <steps/>
            <attachments/>
        </test-case>
        <test-case start='1586635725685' status='failed' stop='1586635727073'>
            <name>invalid email error disappears and have another error</name>
            <title>invalid email error disappears and have another error</title>
            <labels/>
            <parameters/>
            <steps/>
            <attachments/>
            <failure>
                <message>Expected true to be false.</message>
                <stack-trace>Error: Failed expectation
                    at C:\Users\Pavilion\Documents\VScode\Testing\Amira\Protractor\protractortests\specs\testsForgotPassword.ts:49:77
                    at step (C:\Users\Pavilion\Documents\VScode\Testing\Amira\Protractor\protractortests\jsfiles\specs\testsForgotPassword.js:33:23)
                    at Object.next (C:\Users\Pavilion\Documents\VScode\Testing\Amira\Protractor\protractortests\jsfiles\specs\testsForgotPassword.js:14:53)
                    at fulfilled (C:\Users\Pavilion\Documents\VScode\Testing\Amira\Protractor\protractortests\jsfiles\specs\testsForgotPassword.js:5:58)
                    at processTicksAndRejections (internal/process/task_queues.js:97:5)</stack-trace>
            </failure>
        </test-case>
        <test-case start='1586635727073' status='passed' stop='1586635732115'>
            <name>open spotify support</name>
            <title>open spotify support</title>
            <labels/>
            <parameters/>
            <steps/>
            <attachments/>
        </test-case>
        <test-case start='1586635732115' status='passed' stop='1586635735485'>
            <name>valid till reset</name>
            <title>valid till reset</title>
            <labels/>
            <parameters/>
            <steps/>
            <attachments/>
        </test-case>
        <test-case start='1586635735485' status='passed' stop='1586635738999'>
            <name>no new password</name>
            <title>no new password</title>
            <labels/>
            <parameters/>
            <steps/>
            <attachments/>
        </test-case>
        <test-case start='1586635738999' status='passed' stop='1586635742800'>
            <name>password too short</name>
            <title>password too short</title>
            <labels/>
            <parameters/>
            <steps/>
            <attachments/>
        </test-case>
        <test-case start='1586635742800' status='passed' stop='1586635746269'>
            <name>confirm paassword too short</name>
            <title>confirm paassword too short</title>
            <labels/>
            <parameters/>
            <steps/>
            <attachments/>
        </test-case>
        <test-case start='1586635746269' status='failed' stop='1586635760040'>
            <name>no confirm new password</name>
            <title>no confirm new password</title>
            <labels/>
            <parameters/>
            <steps/>
            <attachments/>
            <failure>
                <message>Failed: No element found using locator: By(xpath, //mat-error[@id='mat-error-1']/span)</message>
                <stack-trace>NoSuchElementError: No element found using locator: By(xpath, //mat-error[@id='mat-error-1']/span)
                    at C:\Users\Pavilion\AppData\Roaming\npm\node_modules\protractor\built\element.js:814:27
                    at ManagedPromise.invokeCallback_ (C:\Users\Pavilion\AppData\Roaming\npm\node_modules\protractor\node_modules\selenium-webdriver\lib\promise.js:1376:14)
                    at TaskQueue.execute_ (C:\Users\Pavilion\AppData\Roaming\npm\node_modules\protractor\node_modules\selenium-webdriver\lib\promise.js:3084:14)
                    at TaskQueue.executeNext_ (C:\Users\Pavilion\AppData\Roaming\npm\node_modules\protractor\node_modules\selenium-webdriver\lib\promise.js:3067:27)
                    at C:\Users\Pavilion\AppData\Roaming\npm\node_modules\protractor\node_modules\selenium-webdriver\lib\promise.js:2927:27
                    at C:\Users\Pavilion\AppData\Roaming\npm\node_modules\protractor\node_modules\selenium-webdriver\lib\promise.js:668:7
                    at runMicrotasks (&lt;anonymous>)
                    at processTicksAndRejections (internal/process/task_queues.js:97:5)Error
                    at ElementArrayFinder.applyAction_ (C:\Users\Pavilion\AppData\Roaming\npm\node_modules\protractor\built\element.js:459:27)
                    at ElementArrayFinder.&lt;computed> [as getText] (C:\Users\Pavilion\AppData\Roaming\npm\node_modules\protractor\built\element.js:91:29)
                    at ElementFinder.&lt;computed> [as getText] (C:\Users\Pavilion\AppData\Roaming\npm\node_modules\protractor\built\element.js:831:22)
                    at UserContext.&lt;anonymous> (C:\Users\Pavilion\Documents\VScode\Testing\Amira\Protractor\protractortests\specs\testsForgotPassword.ts:144:64)
                    at step (C:\Users\Pavilion\Documents\VScode\Testing\Amira\Protractor\protractortests\jsfiles\specs\testsForgotPassword.js:33:23)
                    at Object.next (C:\Users\Pavilion\Documents\VScode\Testing\Amira\Protractor\protractortests\jsfiles\specs\testsForgotPassword.js:14:53)
                    at C:\Users\Pavilion\Documents\VScode\Testing\Amira\Protractor\protractortests\jsfiles\specs\testsForgotPassword.js:8:71
                    at new Promise (&lt;anonymous>)
                    at __awaiter (C:\Users\Pavilion\Documents\VScode\Testing\Amira\Protractor\protractortests\jsfiles\specs\testsForgotPassword.js:4:12)
                    at UserContext.&lt;anonymous> (C:\Users\Pavilion\Documents\VScode\Testing\Amira\Protractor\protractortests\jsfiles\specs\testsForgotPassword.js:339:16)
                From: Task: Run it("no confirm new password") in control flow
                    at UserContext.&lt;anonymous> (C:\Users\Pavilion\AppData\Roaming\npm\node_modules\protractor\node_modules\jasminewd2\index.js:94:19)
                    at attempt (C:\Users\Pavilion\AppData\Roaming\npm\node_modules\protractor\node_modules\jasmine-core\lib\jasmine-core\jasmine.js:4297:26)
                    at QueueRunner.run (C:\Users\Pavilion\AppData\Roaming\npm\node_modules\protractor\node_modules\jasmine-core\lib\jasmine-core\jasmine.js:4217:20)
                    at QueueRunner.execute (C:\Users\Pavilion\AppData\Roaming\npm\node_modules\protractor\node_modules\jasmine-core\lib\jasmine-core\jasmine.js:4199:10)
                    at Spec.queueRunnerFactory (C:\Users\Pavilion\AppData\Roaming\npm\node_modules\protractor\node_modules\jasmine-core\lib\jasmine-core\jasmine.js:909:35)
                    at Spec.execute (C:\Users\Pavilion\AppData\Roaming\npm\node_modules\protractor\node_modules\jasmine-core\lib\jasmine-core\jasmine.js:526:10)
                    at UserContext.fn (C:\Users\Pavilion\AppData\Roaming\npm\node_modules\protractor\node_modules\jasmine-core\lib\jasmine-core\jasmine.js:5340:37)
                    at attempt (C:\Users\Pavilion\AppData\Roaming\npm\node_modules\protractor\node_modules\jasmine-core\lib\jasmine-core\jasmine.js:4297:26)
                    at QueueRunner.run (C:\Users\Pavilion\AppData\Roaming\npm\node_modules\protractor\node_modules\jasmine-core\lib\jasmine-core\jasmine.js:4217:20)
                    at runNext (C:\Users\Pavilion\AppData\Roaming\npm\node_modules\protractor\node_modules\jasmine-core\lib\jasmine-core\jasmine.js:4257:20)
                From asynchronous test: 
                Error
                    at Suite.&lt;anonymous> (C:\Users\Pavilion\Documents\VScode\Testing\Amira\Protractor\protractortests\specs\testsForgotPassword.ts:133:5)
                    at addSpecsToSuite (C:\Users\Pavilion\AppData\Roaming\npm\node_modules\protractor\node_modules\jasmine-core\lib\jasmine-core\jasmine.js:1107:25)
                    at Env.describe (C:\Users\Pavilion\AppData\Roaming\npm\node_modules\protractor\node_modules\jasmine-core\lib\jasmine-core\jasmine.js:1074:7)
                    at describe (C:\Users\Pavilion\AppData\Roaming\npm\node_modules\protractor\node_modules\jasmine-core\lib\jasmine-core\jasmine.js:4399:18)
                    at Object.&lt;anonymous> (C:\Users\Pavilion\Documents\VScode\Testing\Amira\Protractor\protractortests\specs\testsForgotPassword.ts:10:1)
                    at Module._compile (internal/modules/cjs/loader.js:1158:30)
                    at Object.Module._extensions..js (internal/modules/cjs/loader.js:1178:10)
                    at Module.load (internal/modules/cjs/loader.js:1002:32)
                    at Function.Module._load (internal/modules/cjs/loader.js:901:14)</stack-trace>
            </failure>
        </test-case>
        <test-case start='1586635760040' status='passed' stop='1586635764004'>
            <name>password does not match.</name>
            <title>password does not match.</title>
            <labels/>
            <parameters/>
            <steps/>
            <attachments/>
        </test-case>
        <test-case start='1586635764004' status='passed' stop='1586635774577'>
            <name>valid password change</name>
            <title>valid password change</title>
            <labels/>
            <parameters/>
            <steps/>
            <attachments/>
        </test-case>
    </test-cases>
</ns2:test-suite>