<?xml version='1.0'?>
<ns2:test-suite xmlns:ns2='urn:model.allure.qatools.yandex.ru' start='1586635584250' stop='1586635662602'>
    <name>Testing login</name>
    <title>Testing login</title>
    <test-cases>
        <test-case start='1586635606898' status='passed' stop='1586635613602'>
            <name>responsiveness</name>
            <title>responsiveness</title>
            <labels/>
            <parameters/>
            <steps/>
            <attachments/>
        </test-case>
        <test-case start='1586635613602' status='failed' stop='1586635615691'>
            <name>cursor on email by default FAIL</name>
            <title>cursor on email by default FAIL</title>
            <labels/>
            <parameters/>
            <steps/>
            <attachments/>
            <failure>
                <message>Expected '106bacf9-05a2-4329-82ab-1a692c40086b' to equal 'a9b8263e-9807-4b6e-be4d-f4546d9708c1'.</message>
                <stack-trace>Error: Failed expectation
                    at UserContext.&lt;anonymous> (C:\Users\Pavilion\Documents\VScode\Testing\Amira\Protractor\protractortests\specs\testsLogin.ts:50:40)
                    at step (C:\Users\Pavilion\Documents\VScode\Testing\Amira\Protractor\protractortests\jsfiles\specs\testsLogin.js:33:23)
                    at Object.next (C:\Users\Pavilion\Documents\VScode\Testing\Amira\Protractor\protractortests\jsfiles\specs\testsLogin.js:14:53)
                    at C:\Users\Pavilion\Documents\VScode\Testing\Amira\Protractor\protractortests\jsfiles\specs\testsLogin.js:8:71
                    at new Promise (&lt;anonymous>)
                    at __awaiter (C:\Users\Pavilion\Documents\VScode\Testing\Amira\Protractor\protractortests\jsfiles\specs\testsLogin.js:4:12)
                    at UserContext.&lt;anonymous> (C:\Users\Pavilion\Documents\VScode\Testing\Amira\Protractor\protractortests\jsfiles\specs\testsLogin.js:77:16)
                    at C:\Users\Pavilion\AppData\Roaming\npm\node_modules\protractor\node_modules\jasminewd2\index.js:112:25
                    at new ManagedPromise (C:\Users\Pavilion\AppData\Roaming\npm\node_modules\protractor\node_modules\selenium-webdriver\lib\promise.js:1077:7)</stack-trace>
            </failure>
        </test-case>
        <test-case start='1586635615691' status='passed' stop='1586635617863'>
            <name>login disabled until..</name>
            <title>login disabled until..</title>
            <labels/>
            <parameters/>
            <steps/>
            <attachments/>
        </test-case>
        <test-case start='1586635617863' status='passed' stop='1586635623010'>
            <name>valid login</name>
            <title>valid login</title>
            <labels/>
            <parameters/>
            <steps/>
            <attachments/>
        </test-case>
        <test-case start='1586635623010' status='failed' stop='1586635633144'>
            <name>forbidden characters FAIL</name>
            <title>forbidden characters FAIL</title>
            <labels/>
            <parameters/>
            <steps/>
            <attachments/>
            <failure>
                <message>Failed: No element found using locator: By(xpath, //span[@class='ng-star-inserted'])</message>
                <stack-trace>NoSuchElementError: No element found using locator: By(xpath, //span[@class='ng-star-inserted'])
                    at C:\Users\Pavilion\AppData\Roaming\npm\node_modules\protractor\built\element.js:814:27
                    at ManagedPromise.invokeCallback_ (C:\Users\Pavilion\AppData\Roaming\npm\node_modules\protractor\node_modules\selenium-webdriver\lib\promise.js:1376:14)
                    at TaskQueue.execute_ (C:\Users\Pavilion\AppData\Roaming\npm\node_modules\protractor\node_modules\selenium-webdriver\lib\promise.js:3084:14)
                    at TaskQueue.executeNext_ (C:\Users\Pavilion\AppData\Roaming\npm\node_modules\protractor\node_modules\selenium-webdriver\lib\promise.js:3067:27)
                    at C:\Users\Pavilion\AppData\Roaming\npm\node_modules\protractor\node_modules\selenium-webdriver\lib\promise.js:2927:27
                    at C:\Users\Pavilion\AppData\Roaming\npm\node_modules\protractor\node_modules\selenium-webdriver\lib\promise.js:668:7
                    at processTicksAndRejections (internal/process/task_queues.js:97:5)Error
                    at ElementArrayFinder.applyAction_ (C:\Users\Pavilion\AppData\Roaming\npm\node_modules\protractor\built\element.js:459:27)
                    at ElementArrayFinder.&lt;computed> [as getText] (C:\Users\Pavilion\AppData\Roaming\npm\node_modules\protractor\built\element.js:91:29)
                    at ElementFinder.&lt;computed> [as getText] (C:\Users\Pavilion\AppData\Roaming\npm\node_modules\protractor\built\element.js:831:22)
                    at UserContext.&lt;anonymous> (C:\Users\Pavilion\Documents\VScode\Testing\Amira\Protractor\protractortests\specs\testsLogin.ts:76:38)
                    at step (C:\Users\Pavilion\Documents\VScode\Testing\Amira\Protractor\protractortests\jsfiles\specs\testsLogin.js:33:23)
                    at Object.next (C:\Users\Pavilion\Documents\VScode\Testing\Amira\Protractor\protractortests\jsfiles\specs\testsLogin.js:14:53)
                    at C:\Users\Pavilion\Documents\VScode\Testing\Amira\Protractor\protractortests\jsfiles\specs\testsLogin.js:8:71
                    at new Promise (&lt;anonymous>)
                    at __awaiter (C:\Users\Pavilion\Documents\VScode\Testing\Amira\Protractor\protractortests\jsfiles\specs\testsLogin.js:4:12)
                    at UserContext.&lt;anonymous> (C:\Users\Pavilion\Documents\VScode\Testing\Amira\Protractor\protractortests\jsfiles\specs\testsLogin.js:131:16)
                From: Task: Run it("forbidden characters FAIL") in control flow
                    at UserContext.&lt;anonymous> (C:\Users\Pavilion\AppData\Roaming\npm\node_modules\protractor\node_modules\jasminewd2\index.js:94:19)
                    at attempt (C:\Users\Pavilion\AppData\Roaming\npm\node_modules\protractor\node_modules\jasmine-core\lib\jasmine-core\jasmine.js:4297:26)
                    at QueueRunner.run (C:\Users\Pavilion\AppData\Roaming\npm\node_modules\protractor\node_modules\jasmine-core\lib\jasmine-core\jasmine.js:4217:20)
                    at QueueRunner.execute (C:\Users\Pavilion\AppData\Roaming\npm\node_modules\protractor\node_modules\jasmine-core\lib\jasmine-core\jasmine.js:4199:10)
                    at Spec.queueRunnerFactory (C:\Users\Pavilion\AppData\Roaming\npm\node_modules\protractor\node_modules\jasmine-core\lib\jasmine-core\jasmine.js:909:35)
                    at Spec.execute (C:\Users\Pavilion\AppData\Roaming\npm\node_modules\protractor\node_modules\jasmine-core\lib\jasmine-core\jasmine.js:526:10)
                    at UserContext.fn (C:\Users\Pavilion\AppData\Roaming\npm\node_modules\protractor\node_modules\jasmine-core\lib\jasmine-core\jasmine.js:5340:37)
                    at attempt (C:\Users\Pavilion\AppData\Roaming\npm\node_modules\protractor\node_modules\jasmine-core\lib\jasmine-core\jasmine.js:4297:26)
                    at QueueRunner.run (C:\Users\Pavilion\AppData\Roaming\npm\node_modules\protractor\node_modules\jasmine-core\lib\jasmine-core\jasmine.js:4217:20)
                    at runNext (C:\Users\Pavilion\AppData\Roaming\npm\node_modules\protractor\node_modules\jasmine-core\lib\jasmine-core\jasmine.js:4257:20)
                From asynchronous test: 
                Error
                    at Suite.&lt;anonymous> (C:\Users\Pavilion\Documents\VScode\Testing\Amira\Protractor\protractortests\specs\testsLogin.ts:73:2)
                    at addSpecsToSuite (C:\Users\Pavilion\AppData\Roaming\npm\node_modules\protractor\node_modules\jasmine-core\lib\jasmine-core\jasmine.js:1107:25)
                    at Env.describe (C:\Users\Pavilion\AppData\Roaming\npm\node_modules\protractor\node_modules\jasmine-core\lib\jasmine-core\jasmine.js:1074:7)
                    at describe (C:\Users\Pavilion\AppData\Roaming\npm\node_modules\protractor\node_modules\jasmine-core\lib\jasmine-core\jasmine.js:4399:18)
                    at Object.&lt;anonymous> (C:\Users\Pavilion\Documents\VScode\Testing\Amira\Protractor\protractortests\specs\testsLogin.ts:8:1)
                    at Module._compile (internal/modules/cjs/loader.js:1158:30)
                    at Object.Module._extensions..js (internal/modules/cjs/loader.js:1178:10)
                    at Module.load (internal/modules/cjs/loader.js:1002:32)
                    at Function.Module._load (internal/modules/cjs/loader.js:901:14)</stack-trace>
            </failure>
        </test-case>
        <test-case start='1586635633144' status='passed' stop='1586635635209'>
            <name>should have error message for incorrect username</name>
            <title>should have error message for incorrect username</title>
            <labels/>
            <parameters/>
            <steps/>
            <attachments/>
        </test-case>
        <test-case start='1586635635209' status='passed' stop='1586635636865'>
            <name>should have error message for incorrect password</name>
            <title>should have error message for incorrect password</title>
            <labels/>
            <parameters/>
            <steps/>
            <attachments/>
        </test-case>
        <test-case start='1586635636865' status='passed' stop='1586635637929'>
            <name>Testing can not copy password</name>
            <title>Testing can not copy password</title>
            <labels/>
            <parameters/>
            <steps/>
            <attachments/>
        </test-case>
        <test-case start='1586635637929' status='passed' stop='1586635638798'>
            <name>Testing tab key</name>
            <title>Testing tab key</title>
            <labels/>
            <parameters/>
            <steps/>
            <attachments/>
        </test-case>
        <test-case start='1586635638798' status='passed' stop='1586635641366'>
            <name>no email</name>
            <title>no email</title>
            <labels/>
            <parameters/>
            <steps/>
            <attachments/>
        </test-case>
        <test-case start='1586635641366' status='passed' stop='1586635643821'>
            <name>no password</name>
            <title>no password</title>
            <labels/>
            <parameters/>
            <steps/>
            <attachments/>
        </test-case>
        <test-case start='1586635643821' status='passed' stop='1586635646890'>
            <name>go to sign up</name>
            <title>go to sign up</title>
            <labels/>
            <parameters/>
            <steps/>
            <attachments/>
        </test-case>
        <test-case start='1586635646890' status='passed' stop='1586635649047'>
            <name>go to forget password</name>
            <title>go to forget password</title>
            <labels/>
            <parameters/>
            <steps/>
            <attachments/>
        </test-case>
        <test-case start='1586635649047' status='passed' stop='1586635662601'>
            <name>terms &amp; conditions and privacy policy</name>
            <title>terms &amp; conditions and privacy policy</title>
            <labels/>
            <parameters/>
            <steps/>
            <attachments/>
        </test-case>
    </test-cases>
</ns2:test-suite>